<?xml version="1.0" encoding="UTF-8"?>
<!-- Generated by org.testng.reporters.JUnitReportReporter -->
<testsuite hostname="BhagathKoraboin" name="Pack1.TestNG_Tests" tests="4" failures="0" timestamp="4 Jan 2016 23:01:32 GMT" time="31.449" errors="0">
  <testcase name="gmail" time="7.734" classname="Pack1.TestNG_Tests"/>
  <testcase name="carwale" time="8.584" classname="Pack1.TestNG_Tests"/>
  <testcase name="quikr" time="5.205" classname="Pack1.TestNG_Tests"/>
  <testcase name="google" time="9.926" classname="Pack1.TestNG_Tests"/>
</testsuite> <!-- Pack1.TestNG_Tests -->
