<?xml version="1.0" encoding="UTF-8"?>
<!-- Generated by org.testng.reporters.JUnitReportReporter -->
<testsuite hostname="BhagathKoraboin" name="Pack1.AllAnnotations" tests="2" failures="0" timestamp="4 Jan 2016 22:50:23 GMT" time="0.008" errors="0">
  <testcase name="test1" time="0.007" classname="Pack1.AllAnnotations"/>
  <testcase name="test3" time="0.001" classname="Pack1.AllAnnotations"/>
</testsuite> <!-- Pack1.AllAnnotations -->
