<?xml version="1.0" encoding="UTF-8"?>
<!-- Generated by org.testng.reporters.JUnitReportReporter -->
<testsuite hostname="BhagathKoraboin" name="Pack1.PriorityTestng" tests="4" failures="0" timestamp="4 Jan 2016 23:05:47 GMT" time="27.576" errors="0">
  <testcase name="google" time="8.338" classname="Pack1.PriorityTestng"/>
  <testcase name="gmail" time="7.004" classname="Pack1.PriorityTestng"/>
  <testcase name="quikr" time="4.777" classname="Pack1.PriorityTestng"/>
  <testcase name="carwale" time="7.457" classname="Pack1.PriorityTestng"/>
</testsuite> <!-- Pack1.PriorityTestng -->
