<?xml version="1.0" encoding="UTF-8"?>
<!-- Generated by org.testng.reporters.JUnitReportReporter -->
<testsuite hostname="BhagathKoraboin" name="Pack1.TestNGAnn" tests="2" failures="0" timestamp="4 Jan 2016 22:47:03 GMT" time="0.007" errors="0">
  <testcase name="test3" time="0.001" classname="Pack1.TestNGAnn"/>
  <testcase name="test1" time="0.006" classname="Pack1.TestNGAnn"/>
</testsuite> <!-- Pack1.TestNGAnn -->
